<?xml version="1.0" encoding="utf-8"?><testsuites name="pytest tests"><testsuite name="pytest" errors="0" failures="0" skipped="0" tests="9" time="1.264" timestamp="2026-07-26T15:31:58.194613+00:00" hostname="agent-env-bf0de867-91eb-434b-9f8b-7a97b4b7c103"><testcase classname="backend.tests.backend_test.TestRoot" name="test_root_message" time="0.279" /><testcase classname="backend.tests.backend_test.TestSubscribe" name="test_subscribe_valid" time="0.065" /><testcase classname="backend.tests.backend_test.TestSubscribe" name="test_subscribe_idempotent" time="0.112" /><testcase classname="backend.tests.backend_test.TestSubscribe" name="test_subscribe_case_insensitive_idempotent" time="0.111" /><testcase classname="backend.tests.backend_test.TestSubscribe" name="test_subscribe_invalid_email" time="0.055" /><testcase classname="backend.tests.backend_test.TestSubscribe" name="test_subscribe_missing_email" time="0.058" /><testcase classname="backend.tests.backend_test.TestSubscribe" name="test_subscribe_empty_email" time="0.057" /><testcase classname="backend.tests.backend_test.TestContact" name="test_contact_valid" time="0.069" /><testcase classname="backend.tests.backend_test.TestContact" name="test_contact_invalid_email" time="0.058" /></testsuite></testsuites>