<?xml version="1.0" encoding="utf-8"?><testsuites name="pytest tests"><testsuite name="pytest" errors="0" failures="0" skipped="0" tests="6" time="0.708" timestamp="2026-06-11T09:28:57.876375+00:00" hostname="agent-env-bf0de867-91eb-434b-9f8b-7a97b4b7c103"><testcase classname="backend.tests.test_contact_api.TestRoot" name="test_root_returns_brand_message" time="0.234" /><testcase classname="backend.tests.test_contact_api.TestContactCreate" name="test_create_contact_valid" time="0.055" /><testcase classname="backend.tests.test_contact_api.TestContactCreate" name="test_create_contact_invalid_email_returns_422" time="0.054" /><testcase classname="backend.tests.test_contact_api.TestContactCreate" name="test_create_contact_missing_fields_returns_422" time="0.049" /><testcase classname="backend.tests.test_contact_api.TestContactCreate" name="test_create_contact_empty_body_returns_422" time="0.050" /><testcase classname="backend.tests.test_contact_api.TestContactList" name="test_list_contains_recent_and_sorted_desc" time="0.152" /></testsuite></testsuites>